<?xml version="1.0" encoding="UTF-8"?>
<!-- Generated by org.testng.reporters.JUnitReportReporter -->
<testsuite hostname="hp" name="webdriverexamples.class1" tests="2" failures="0" timestamp="1 Aug 2017 17:35:37 GMT" time="0.011" errors="0">
  <testcase name="Tc2" time="0.010" classname="webdriverexamples.class1"/>
  <testcase name="Tc1" time="0.001" classname="webdriverexamples.class1"/>
</testsuite> <!-- webdriverexamples.class1 -->
